DEBUG:urllib3.connectionpool:Starting new HTTPS connection (1): api-gateway.instructure.com:443
DEBUG:urllib3.connectionpool:https://api-gateway.instructure.com:443 "POST /ids/auth/login HTTP/11" 200 None
DEBUG:urllib3.connectionpool:Starting new HTTPS connection (1): api-gateway.instructure.com:443
DEBUG:urllib3.connectionpool:https://api-gateway.instructure.com:443 "POST /dap/query/canvas/table/wiki_pages/data HTTP/11" 400 206
DEBUG:urllib3.connectionpool:Starting new HTTPS connection (1): api-gateway.instructure.com:443
DEBUG:urllib3.connectionpool:https://api-gateway.instructure.com:443 "POST /ids/auth/login HTTP/11" 200 None
DEBUG:urllib3.connectionpool:Starting new HTTPS connection (1): api-gateway.instructure.com:443
DEBUG:urllib3.connectionpool:https://api-gateway.instructure.com:443 "POST /dap/query/canvas/table/wiki_pages/data HTTP/11" 400 206
DEBUG:urllib3.connectionpool:Starting new HTTPS connection (1): api-gateway.instructure.com:443
DEBUG:urllib3.connectionpool:https://api-gateway.instructure.com:443 "POST /ids/auth/login HTTP/11" 200 None
DEBUG:urllib3.connectionpool:Starting new HTTPS connection (1): api-gateway.instructure.com:443
DEBUG:urllib3.connectionpool:https://api-gateway.instructure.com:443 "POST /dap/query/canvas/table/wiki_pages/data HTTP/11" 400 206
DEBUG:urllib3.connectionpool:Starting new HTTPS connection (1): api-gateway.instructure.com:443
DEBUG:urllib3.connectionpool:https://api-gateway.instructure.com:443 "POST /ids/auth/login HTTP/11" 200 None
DEBUG:urllib3.connectionpool:Starting new HTTPS connection (1): api-gateway.instructure.com:443
DEBUG:urllib3.connectionpool:https://api-gateway.instructure.com:443 "POST /dap/query/canvas/table/wiki_pages/data HTTP/11" 400 206
DEBUG:urllib3.connectionpool:Starting new HTTPS connection (1): api-gateway.instructure.com:443
DEBUG:urllib3.connectionpool:https://api-gateway.instructure.com:443 "POST /ids/auth/login HTTP/11" 200 None
DEBUG:urllib3.connectionpool:Starting new HTTPS connection (1): api-gateway.instructure.com:443
DEBUG:urllib3.connectionpool:https://api-gateway.instructure.com:443 "POST /dap/query/canvas/table/wiki_pages/data HTTP/11" 400 206
DEBUG:urllib3.connectionpool:Starting new HTTPS connection (1): api-gateway.instructure.com:443
DEBUG:urllib3.connectionpool:https://api-gateway.instructure.com:443 "POST /ids/auth/login HTTP/11" 200 None
DEBUG:urllib3.connectionpool:Starting new HTTPS connection (1): api-gateway.instructure.com:443
DEBUG:urllib3.connectionpool:https://api-gateway.instructure.com:443 "POST /dap/query/canvas/table/wiki_pages/data HTTP/11" 400 206
DEBUG:urllib3.connectionpool:Starting new HTTPS connection (1): api-gateway.instructure.com:443
DEBUG:urllib3.connectionpool:https://api-gateway.instructure.com:443 "POST /ids/auth/login HTTP/11" 200 None
DEBUG:urllib3.connectionpool:Starting new HTTPS connection (1): api-gateway.instructure.com:443
DEBUG:urllib3.connectionpool:https://api-gateway.instructure.com:443 "POST /dap/query/canvas/table/wiki_pages/data HTTP/11" 400 206
DEBUG:root:wiki_pages er sist oppdatert (Azure): 2024-12-02Z
DEBUG:root:wiki_pages er sist oppdatert (Azure): 2024-12-02Z
DEBUG:root:wiki_pages er sist oppdatert (Azure): 2024-12-02T00:00:00Z
DEBUG:urllib3.connectionpool:Starting new HTTPS connection (1): api-gateway.instructure.com:443
DEBUG:urllib3.connectionpool:https://api-gateway.instructure.com:443 "POST /ids/auth/login HTTP/11" 200 None
DEBUG:root:wiki_pages er sist oppdatert (Azure): 2024-12-02T00:00:00Z
DEBUG:urllib3.connectionpool:Starting new HTTPS connection (1): api-gateway.instructure.com:443
DEBUG:urllib3.connectionpool:https://api-gateway.instructure.com:443 "POST /dap/query/canvas/table/wiki_pages/data HTTP/11" 200 116
DEBUG:urllib3.connectionpool:Starting new HTTPS connection (1): api-gateway.instructure.com:443
DEBUG:urllib3.connectionpool:https://api-gateway.instructure.com:443 "GET /dap//job/7981f357-794d-4b9d-88ef-00b5f456cd62 HTTP/11" 301 0
DEBUG:urllib3.connectionpool:https://api-gateway.instructure.com:443 "GET /dap/job/7981f357-794d-4b9d-88ef-00b5f456cd62 HTTP/11" 200 116
DEBUG:urllib3.connectionpool:Starting new HTTPS connection (1): api-gateway.instructure.com:443
DEBUG:urllib3.connectionpool:https://api-gateway.instructure.com:443 "GET /dap//job/7981f357-794d-4b9d-88ef-00b5f456cd62 HTTP/11" 301 0
DEBUG:urllib3.connectionpool:https://api-gateway.instructure.com:443 "GET /dap/job/7981f357-794d-4b9d-88ef-00b5f456cd62 HTTP/11" 200 699
DEBUG:urllib3.connectionpool:Starting new HTTPS connection (1): api-gateway.instructure.com:443
DEBUG:urllib3.connectionpool:https://api-gateway.instructure.com:443 "POST /dap/object/url HTTP/11" 200 None
DEBUG:urllib3.connectionpool:Starting new HTTPS connection (1): data-access-platform-output-prod-dub.s3.eu-west-1.amazonaws.com:443
DEBUG:urllib3.connectionpool:https://data-access-platform-output-prod-dub.s3.eu-west-1.amazonaws.com:443 "GET /output/rootAccountId%3DKjYXFlWyqIP306jMLrOxOE6QSU1S8oF5m5tfbXyd/queryId%3D7981f357-794d-4b9d-88ef-00b5f456cd62/part-00000-30a72502-352b-4648-8ceb-faf2dc5ae737-c000.csv.gz?X-Amz-Security-Token=IQoJb3JpZ2luX2VjEC8aCWV1LXdlc3QtMSJIMEYCIQCUE03w6deHww2C%2FvnxXqxM5Er7V%2B5o%2FCATTxra6VSjdwIhAIVqgWYGk2c04daRuZ4UgZucKdhm5BOu7NDKQ5Gre2gyKq0CCNj%2F%2F%2F%2F%2F%2F%2F%2F%2F%2FwEQAxoMNTMyMjA1MzAxMzM0IgyKB36rpMWGG2d3cLsqgQJAkOySvFnjxxXV6SEHL4z4kT0nQE90cyXJQJpWHlKgF7k6qeyLBfiK9zoiuEfxbZohJEkhlmuurbbJh8x0W1SO7EEkt6rNiOeOhjgOWHUZMPNQL9KyoCqD4vRxO5YnsJm2hJhIGecGcmvnRWZXzj52bJaZccDvSaDcMGfHYYot%2FDH8HLpglvH7Zb2wNACs19Le6sjAIgHLlSKJui2mgKf7hU04au6MxCspfXkTEfg9cB8U6Gb2wfPNly23EEraPGjo0byEdm4m%2FbODfp4JqTnPt%2Bfidi5VUW2JuOiK3rImkWvj70rleolPGDvm43JUyWwaQ0aQTPhqLAjtDUB2XCqJQjCGr7y6BjqcAUEsaOjKhbyhFa8YHSnL%2FPH2vvvFdO7vkXE7LTXxYdViA7dH8nFb3gZOwGuQ8BdzYVIXywAYXqJP5BNPfxgRIr%2Fl05YJRM1u666%2FRJkpRfWqYLtgrK4%2BhcLNiagPOnvEgLqnZYww4GQxQerMRe%2BXTJsrMXY1mmWujh140kZgsESVoLkGP6Zdzj2xLoyvr5CoBdfOZsDbGVejgPr0aQ%3D%3D&X-Amz-Algorithm=AWS4-HMAC-SHA256&X-Amz-Date=20241203T144006Z&X-Amz-SignedHeaders=host&X-Amz-Expires=900&X-Amz-Credential=ASIAXX2PINZLPRIWDOXJ%2F20241203%2Feu-west-1%2Fs3%2Faws4_request&X-Amz-Signature=40305ccb50709ca17e91a09fc969069dcd789c78b97d081c5e92eb962caf331e HTTP/11" 200 172
DEBUG:urllib3.connectionpool:Starting new HTTPS connection (1): api-gateway.instructure.com:443
DEBUG:urllib3.connectionpool:https://api-gateway.instructure.com:443 "POST /dap/object/url HTTP/11" 200 None
DEBUG:urllib3.connectionpool:Starting new HTTPS connection (1): data-access-platform-output-prod-dub.s3.eu-west-1.amazonaws.com:443
DEBUG:urllib3.connectionpool:https://data-access-platform-output-prod-dub.s3.eu-west-1.amazonaws.com:443 "GET /output/rootAccountId%3DKjYXFlWyqIP306jMLrOxOE6QSU1S8oF5m5tfbXyd/queryId%3D7981f357-794d-4b9d-88ef-00b5f456cd62/part-00005-30a72502-352b-4648-8ceb-faf2dc5ae737-c000.csv.gz?X-Amz-Security-Token=IQoJb3JpZ2luX2VjEC8aCWV1LXdlc3QtMSJIMEYCIQCUE03w6deHww2C%2FvnxXqxM5Er7V%2B5o%2FCATTxra6VSjdwIhAIVqgWYGk2c04daRuZ4UgZucKdhm5BOu7NDKQ5Gre2gyKq0CCNj%2F%2F%2F%2F%2F%2F%2F%2F%2F%2FwEQAxoMNTMyMjA1MzAxMzM0IgyKB36rpMWGG2d3cLsqgQJAkOySvFnjxxXV6SEHL4z4kT0nQE90cyXJQJpWHlKgF7k6qeyLBfiK9zoiuEfxbZohJEkhlmuurbbJh8x0W1SO7EEkt6rNiOeOhjgOWHUZMPNQL9KyoCqD4vRxO5YnsJm2hJhIGecGcmvnRWZXzj52bJaZccDvSaDcMGfHYYot%2FDH8HLpglvH7Zb2wNACs19Le6sjAIgHLlSKJui2mgKf7hU04au6MxCspfXkTEfg9cB8U6Gb2wfPNly23EEraPGjo0byEdm4m%2FbODfp4JqTnPt%2Bfidi5VUW2JuOiK3rImkWvj70rleolPGDvm43JUyWwaQ0aQTPhqLAjtDUB2XCqJQjCGr7y6BjqcAUEsaOjKhbyhFa8YHSnL%2FPH2vvvFdO7vkXE7LTXxYdViA7dH8nFb3gZOwGuQ8BdzYVIXywAYXqJP5BNPfxgRIr%2Fl05YJRM1u666%2FRJkpRfWqYLtgrK4%2BhcLNiagPOnvEgLqnZYww4GQxQerMRe%2BXTJsrMXY1mmWujh140kZgsESVoLkGP6Zdzj2xLoyvr5CoBdfOZsDbGVejgPr0aQ%3D%3D&X-Amz-Algorithm=AWS4-HMAC-SHA256&X-Amz-Date=20241203T144006Z&X-Amz-SignedHeaders=host&X-Amz-Expires=900&X-Amz-Credential=ASIAXX2PINZLPRIWDOXJ%2F20241203%2Feu-west-1%2Fs3%2Faws4_request&X-Amz-Signature=05df0b17ea642a50d03df555a47a801e2d67d427743ef3b8e6b60b598220a734 HTTP/11" 200 773
DEBUG:urllib3.connectionpool:Starting new HTTPS connection (1): api-gateway.instructure.com:443
DEBUG:urllib3.connectionpool:https://api-gateway.instructure.com:443 "POST /dap/object/url HTTP/11" 200 None
DEBUG:urllib3.connectionpool:Starting new HTTPS connection (1): data-access-platform-output-prod-dub.s3.eu-west-1.amazonaws.com:443
DEBUG:urllib3.connectionpool:https://data-access-platform-output-prod-dub.s3.eu-west-1.amazonaws.com:443 "GET /output/rootAccountId%3DKjYXFlWyqIP306jMLrOxOE6QSU1S8oF5m5tfbXyd/queryId%3D7981f357-794d-4b9d-88ef-00b5f456cd62/part-00015-30a72502-352b-4648-8ceb-faf2dc5ae737-c000.csv.gz?X-Amz-Security-Token=IQoJb3JpZ2luX2VjEC8aCWV1LXdlc3QtMSJIMEYCIQCUE03w6deHww2C%2FvnxXqxM5Er7V%2B5o%2FCATTxra6VSjdwIhAIVqgWYGk2c04daRuZ4UgZucKdhm5BOu7NDKQ5Gre2gyKq0CCNj%2F%2F%2F%2F%2F%2F%2F%2F%2F%2FwEQAxoMNTMyMjA1MzAxMzM0IgyKB36rpMWGG2d3cLsqgQJAkOySvFnjxxXV6SEHL4z4kT0nQE90cyXJQJpWHlKgF7k6qeyLBfiK9zoiuEfxbZohJEkhlmuurbbJh8x0W1SO7EEkt6rNiOeOhjgOWHUZMPNQL9KyoCqD4vRxO5YnsJm2hJhIGecGcmvnRWZXzj52bJaZccDvSaDcMGfHYYot%2FDH8HLpglvH7Zb2wNACs19Le6sjAIgHLlSKJui2mgKf7hU04au6MxCspfXkTEfg9cB8U6Gb2wfPNly23EEraPGjo0byEdm4m%2FbODfp4JqTnPt%2Bfidi5VUW2JuOiK3rImkWvj70rleolPGDvm43JUyWwaQ0aQTPhqLAjtDUB2XCqJQjCGr7y6BjqcAUEsaOjKhbyhFa8YHSnL%2FPH2vvvFdO7vkXE7LTXxYdViA7dH8nFb3gZOwGuQ8BdzYVIXywAYXqJP5BNPfxgRIr%2Fl05YJRM1u666%2FRJkpRfWqYLtgrK4%2BhcLNiagPOnvEgLqnZYww4GQxQerMRe%2BXTJsrMXY1mmWujh140kZgsESVoLkGP6Zdzj2xLoyvr5CoBdfOZsDbGVejgPr0aQ%3D%3D&X-Amz-Algorithm=AWS4-HMAC-SHA256&X-Amz-Date=20241203T144007Z&X-Amz-SignedHeaders=host&X-Amz-Expires=899&X-Amz-Credential=ASIAXX2PINZLPRIWDOXJ%2F20241203%2Feu-west-1%2Fs3%2Faws4_request&X-Amz-Signature=bbdbe6ed9269011d4fdb8736d6352211709c8ec774d96128e77a1a3133960ea8 HTTP/11" 200 1142
DEBUG:urllib3.connectionpool:Starting new HTTPS connection (1): api-gateway.instructure.com:443
DEBUG:urllib3.connectionpool:https://api-gateway.instructure.com:443 "POST /dap/object/url HTTP/11" 200 None
DEBUG:urllib3.connectionpool:Starting new HTTPS connection (1): data-access-platform-output-prod-dub.s3.eu-west-1.amazonaws.com:443
DEBUG:urllib3.connectionpool:https://data-access-platform-output-prod-dub.s3.eu-west-1.amazonaws.com:443 "GET /output/rootAccountId%3DKjYXFlWyqIP306jMLrOxOE6QSU1S8oF5m5tfbXyd/queryId%3D7981f357-794d-4b9d-88ef-00b5f456cd62/part-00020-30a72502-352b-4648-8ceb-faf2dc5ae737-c000.csv.gz?X-Amz-Security-Token=IQoJb3JpZ2luX2VjEC8aCWV1LXdlc3QtMSJIMEYCIQCUE03w6deHww2C%2FvnxXqxM5Er7V%2B5o%2FCATTxra6VSjdwIhAIVqgWYGk2c04daRuZ4UgZucKdhm5BOu7NDKQ5Gre2gyKq0CCNj%2F%2F%2F%2F%2F%2F%2F%2F%2F%2FwEQAxoMNTMyMjA1MzAxMzM0IgyKB36rpMWGG2d3cLsqgQJAkOySvFnjxxXV6SEHL4z4kT0nQE90cyXJQJpWHlKgF7k6qeyLBfiK9zoiuEfxbZohJEkhlmuurbbJh8x0W1SO7EEkt6rNiOeOhjgOWHUZMPNQL9KyoCqD4vRxO5YnsJm2hJhIGecGcmvnRWZXzj52bJaZccDvSaDcMGfHYYot%2FDH8HLpglvH7Zb2wNACs19Le6sjAIgHLlSKJui2mgKf7hU04au6MxCspfXkTEfg9cB8U6Gb2wfPNly23EEraPGjo0byEdm4m%2FbODfp4JqTnPt%2Bfidi5VUW2JuOiK3rImkWvj70rleolPGDvm43JUyWwaQ0aQTPhqLAjtDUB2XCqJQjCGr7y6BjqcAUEsaOjKhbyhFa8YHSnL%2FPH2vvvFdO7vkXE7LTXxYdViA7dH8nFb3gZOwGuQ8BdzYVIXywAYXqJP5BNPfxgRIr%2Fl05YJRM1u666%2FRJkpRfWqYLtgrK4%2BhcLNiagPOnvEgLqnZYww4GQxQerMRe%2BXTJsrMXY1mmWujh140kZgsESVoLkGP6Zdzj2xLoyvr5CoBdfOZsDbGVejgPr0aQ%3D%3D&X-Amz-Algorithm=AWS4-HMAC-SHA256&X-Amz-Date=20241203T144008Z&X-Amz-SignedHeaders=host&X-Amz-Expires=899&X-Amz-Credential=ASIAXX2PINZLPRIWDOXJ%2F20241203%2Feu-west-1%2Fs3%2Faws4_request&X-Amz-Signature=d27c26b60ade6fa28f8ec0dd7b78e2b0968a72e2a916d6ee6b2d5c9beaea5eac HTTP/11" 200 322513
DEBUG:root:wiki_pages er sist oppdatert (Azure): 2024-12-03T14:27:26Z
